<?xml version="1.0" encoding="UTF-8"?>
<testng-results skipped="0" failed="0" ignored="0" total="8" passed="8">
  <reporter-output>
  </reporter-output>
  <suite name="Command line suite" duration-ms="12095" started-at="2020-11-17T11:56:12 IST" finished-at="2020-11-17T11:56:24 IST">
    <groups>
    </groups>
    <test name="Command line test" duration-ms="12095" started-at="2020-11-17T11:56:12 IST" finished-at="2020-11-17T11:56:24 IST">
      <class name="suiteA.TestA2">
        <test-method status="PASS" signature="f()[pri:0, instance:suiteA.TestA2@31a5c39e]" name="f" duration-ms="2001" started-at="2020-11-17T11:56:14 IST" finished-at="2020-11-17T11:56:16 IST">
          <reporter-output>
          </reporter-output>
        </test-method> <!-- f -->
      </class> <!-- suiteA.TestA2 -->
      <class name="suiteA.TestA3">
        <test-method status="PASS" signature="f()[pri:0, instance:suiteA.TestA3@3f49dace]" name="f" duration-ms="2001" started-at="2020-11-17T11:56:16 IST" finished-at="2020-11-17T11:56:18 IST">
          <reporter-output>
          </reporter-output>
        </test-method> <!-- f -->
      </class> <!-- suiteA.TestA3 -->
      <class name="parallel.TestMethod">
        <test-method status="PASS" signature="sampleTest1()[pri:0, instance:parallel.TestMethod@e45f292]" name="sampleTest1" duration-ms="7" started-at="2020-11-17T11:56:12 IST" finished-at="2020-11-17T11:56:12 IST">
          <reporter-output>
          </reporter-output>
        </test-method> <!-- sampleTest1 -->
        <test-method status="PASS" signature="sampleTest2()[pri:0, instance:parallel.TestMethod@e45f292]" name="sampleTest2" duration-ms="0" started-at="2020-11-17T11:56:12 IST" finished-at="2020-11-17T11:56:12 IST">
          <reporter-output>
          </reporter-output>
        </test-method> <!-- sampleTest2 -->
      </class> <!-- parallel.TestMethod -->
      <class name="suiteB.TestB1">
        <test-method status="PASS" signature="f()[pri:0, instance:suiteB.TestB1@1e397ed7]" name="f" duration-ms="2002" started-at="2020-11-17T11:56:18 IST" finished-at="2020-11-17T11:56:20 IST">
          <reporter-output>
          </reporter-output>
        </test-method> <!-- f -->
      </class> <!-- suiteB.TestB1 -->
      <class name="suiteB.TestB3">
        <test-method status="PASS" signature="f()[pri:0, instance:suiteB.TestB3@56ac3a89]" name="f" duration-ms="2001" started-at="2020-11-17T11:56:22 IST" finished-at="2020-11-17T11:56:24 IST">
          <reporter-output>
          </reporter-output>
        </test-method> <!-- f -->
      </class> <!-- suiteB.TestB3 -->
      <class name="suiteB.TestB2">
        <test-method status="PASS" signature="f()[pri:0, instance:suiteB.TestB2@490ab905]" name="f" duration-ms="2000" started-at="2020-11-17T11:56:20 IST" finished-at="2020-11-17T11:56:22 IST">
          <reporter-output>
          </reporter-output>
        </test-method> <!-- f -->
      </class> <!-- suiteB.TestB2 -->
      <class name="suiteA.TestA1">
        <test-method status="PASS" signature="f()[pri:0, instance:suiteA.TestA1@5f2108b5]" name="f" duration-ms="2000" started-at="2020-11-17T11:56:12 IST" finished-at="2020-11-17T11:56:14 IST">
          <reporter-output>
          </reporter-output>
        </test-method> <!-- f -->
      </class> <!-- suiteA.TestA1 -->
    </test> <!-- Command line test -->
  </suite> <!-- Command line suite -->
</testng-results>
