<?xml version="1.0" encoding="UTF-8"?>
<!-- Generated by org.testng.reporters.JUnitXMLReporter -->
<testsuite hostname="DESKTOP-57DPOHQ" ignored="0" name="Command line test" tests="8" failures="0" timestamp="2020-11-17T11:56:24 IST" time="12.095" errors="0">
  <testcase name="sampleTest1" time="0.007" classname="parallel.TestMethod"/>
  <testcase name="sampleTest2" time="0.0" classname="parallel.TestMethod"/>
  <testcase name="f" time="2.0" classname="suiteA.TestA1"/>
  <testcase name="f" time="2.001" classname="suiteA.TestA2"/>
  <testcase name="f" time="2.001" classname="suiteA.TestA3"/>
  <testcase name="f" time="2.002" classname="suiteB.TestB1"/>
  <testcase name="f" time="2.0" classname="suiteB.TestB2"/>
  <testcase name="f" time="2.001" classname="suiteB.TestB3"/>
</testsuite> <!-- Command line test -->
