<?xml version="1.0" encoding="UTF-8"?>
<!-- Generated by org.testng.reporters.JUnitXMLReporter -->
<testsuite hostname="DESKTOP-57DPOHQ" ignored="0" name="Command line test" tests="2" failures="0" timestamp="2020-11-17T11:56:24 IST" time="0.02" errors="0">
  <testcase name="testApp on testApp(com.project.SeptemberSelenium12PMMaven.AppTest)" time="0.003" classname="com.project.SeptemberSelenium12PMMaven.AppTest"/>
  <testcase name="testApp on testApp(com.sept2.newmaven.AppTest)" time="0.0" classname="com.sept2.newmaven.AppTest"/>
</testsuite> <!-- Command line test -->
